11/3/2020 17:15:28	Este registro contiene información acerca de la operación de importación de esquema en el proyecto 'sql_data_tools_impor_tabla' del equipo 'CRISTINA' por el usuario 'alleg'.
11/3/2020 17:15:28	Se inició la importación del esquema de la base de datos.
11/3/2020 17:15:34	Recopilando credenciales de la base de datos
11/3/2020 17:15:34	Recopilando opciones de base de datos
11/3/2020 17:15:34	Recopilando la opción de configuración de ámbito de la base de datos genérica
11/3/2020 17:15:34	Recopilando usuarios
11/3/2020 17:15:34	Recopilando roles
11/3/2020 17:15:34	Recopilando roles de aplicación
11/3/2020 17:15:34	Recopilando pertenencias a roles
11/3/2020 17:15:34	Recopilando grupos de archivos
11/3/2020 17:15:34	Recopilando catálogos de texto completo
11/3/2020 17:15:34	Recopilando ensamblados
11/3/2020 17:15:34	Recopilando certificados
11/3/2020 17:15:34	Recopilando claves asimétricas
11/3/2020 17:15:34	Recopilando claves simétricas
11/3/2020 17:15:34	Recopilando claves simétricas cifradas
11/3/2020 17:15:34	Recopilando esquemas
11/3/2020 17:15:34	Recopilando colecciones de esquemas XML
11/3/2020 17:15:34	Recopilando tipos de datos definidos por el usuario
11/3/2020 17:15:34	Recopilando tipos definidos por el usuario
11/3/2020 17:15:34	Recopilando tipos de tabla
11/3/2020 17:15:34	Recopilando claves únicas para tipos de tabla
11/3/2020 17:15:34	Recopilando claves principales para tipos de tabla
11/3/2020 17:15:34	Recopilando índices para tipos de tablas
11/3/2020 17:15:34	Recopilando restricciones CHECK para tipos de tabla
11/3/2020 17:15:34	Recopilando restricciones DEFAULT para tipos de tabla
11/3/2020 17:15:34	Recopilando funciones de partición
11/3/2020 17:15:34	Recopilando esquemas de partición
11/3/2020 17:15:35	Recopilando funciones
11/3/2020 17:15:35	Recopilando funciones cifradas
11/3/2020 17:15:35	Recopilando agregados
11/3/2020 17:15:35	Recopilando procedimientos
11/3/2020 17:15:35	Recopilando procedimientos cifrados
11/3/2020 17:15:35	Recopilando tablas
11/3/2020 17:15:35	Recopilando claves principales
11/3/2020 17:15:35	Recopilando restricciones UNIQUE
11/3/2020 17:15:35	Recopilando claves externas
11/3/2020 17:15:35	Recopilando restricciones DEFAULT
11/3/2020 17:15:35	Recopilando restricciones CHECK
11/3/2020 17:15:35	Recopilando vistas
11/3/2020 17:15:35	Recopilando vistas cifradas
11/3/2020 17:15:35	Recopilando índices
11/3/2020 17:15:35	Recopilando estadísticas
11/3/2020 17:15:35	Recopilando listas de palabras irrelevantes de índices de texto completo
11/3/2020 17:15:35	Recopilando listas de propiedades de búsqueda
11/3/2020 17:15:35	Recopilando propiedades de búsqueda
11/3/2020 17:15:35	Recopilando índices de texto completo
11/3/2020 17:15:35	Recopilando índices de almacenamiento de columnas
11/3/2020 17:15:35	Recopilando índices espaciales
11/3/2020 17:15:35	Recopilando índices XML
11/3/2020 17:15:35	Recopilando índices XML selectivos
11/3/2020 17:15:35	Recopilando desencadenadores cifrados
11/3/2020 17:15:35	Recopilando desencadenadores
11/3/2020 17:15:35	Recopilando DDL triggers cifrados y de CLR
11/3/2020 17:15:35	Recopilando DDL triggers
11/3/2020 17:15:35	Creación de la restricción perimetral en curso
11/3/2020 17:15:35	Recopilando sinónimos
11/3/2020 17:15:35	Recopilando valores predeterminados
11/3/2020 17:15:35	Recopilando enlaces UDDT de restricción de datos
11/3/2020 17:15:35	Recopilando reglas
11/3/2020 17:15:35	Recopilando enlaces UDDT de restricción de datos
11/3/2020 17:15:35	Recopilando tipos de mensaje
11/3/2020 17:15:35	Recopilando colas
11/3/2020 17:15:35	Recopilando contratos
11/3/2020 17:15:35	Recopilando servicios
11/3/2020 17:15:35	Recopilando notificaciones de eventos
11/3/2020 17:15:35	Recopilando enlaces de servicio remoto
11/3/2020 17:15:35	Recopilando prioridades de Broker
11/3/2020 17:15:35	Recopilando firmas
11/3/2020 17:15:35	Recopilando opciones de compresión de datos
11/3/2020 17:15:35	Recopilando tipos de secuencia
11/3/2020 17:15:35	Recopilando directivas de seguridad
11/3/2020 17:15:35	Recopilar claves de cifrado de columna
11/3/2020 17:15:35	Recopilando claves maestras de columna
11/3/2020 17:15:35	Recopilando orígenes de datos externos
11/3/2020 17:15:35	Recopilando formatos de archivo externos
11/3/2020 17:15:35	Recopilando tablas externas
11/3/2020 17:15:36	Recopilando propiedades extendidas
11/3/2020 17:15:36	Recopilando credenciales
11/3/2020 17:15:36	Recopilando inicios de sesión
11/3/2020 17:15:36	Recopilando auditorías de servidor
11/3/2020 17:15:36	Buscando elementos duplicados en el proyecto
11/3/2020 17:15:36	Ha finalizado el procesamiento de los elementos duplicados
11/3/2020 17:15:37	Finalizó la importación de la base de datos.
11/3/2020 17:15:37	Se guardó un resumen de la importación en la siguiente ubicación: C:\Users\alleg\Documents\GitHub\Ejercicios_Csharp\Practicas\sql_data_tools_impor_tabla\Registros de importación de esquemas\sql_data_tools_impor_20200311081528.log
11/3/2020 17:15:37	Haga clic en Finalizar para continuar...
